e:\opengles\project\debug\game.pch
e:\opengles\project\debug\vc120.pdb
e:\opengles\project\debug\vc120.idb
e:\opengles\project\debug\stdafx.obj
e:\opengles\project\debug\eventbuttond.obj
e:\opengles\project\debug\eventbuttondown.obj
e:\opengles\project\debug\eventbuttonexit.obj
e:\opengles\project\debug\eventbuttonleft.obj
e:\opengles\project\debug\eventbuttonright.obj
e:\opengles\project\debug\eventbuttons.obj
e:\opengles\project\debug\eventbuttonstart.obj
e:\opengles\project\debug\eventbuttonup.obj
e:\opengles\project\debug\eventbuttonw.obj
e:\opengles\project\debug\game.obj
e:\opengles\project\debug\geometry.obj
e:\opengles\project\debug\inputmanager.obj
e:\opengles\project\debug\main.obj
e:\opengles\project\debug\mapmanager.obj
e:\opengles\project\debug\moveableobject.obj
e:\opengles\project\debug\opglabstractdispatcher.obj
e:\opengles\project\debug\opglgamepaddispatcher.obj
e:\opengles\project\debug\staticobject.obj
e:\opengles\project\debug\stone.obj
e:\opengles\project\debug\wood.obj
e:\opengles\project\debug\abstractitemobject.obj
e:\opengles\project\debug\abstractobject.obj
e:\opengles\project\debug\algebra.obj
e:\opengles\project\debug\atomboomitem.obj
e:\opengles\project\debug\backgrounds.obj
e:\opengles\project\debug\ball.obj
e:\opengles\project\debug\bar.obj
e:\opengles\project\debug\bonusseedballitem.obj
e:\opengles\project\debug\brick.obj
e:\opengles\project\debug\cloneballitem.obj
e:\opengles\project\debug\eventbutton.obj
e:\opengles\project\debug\eventbuttona.obj
e:\opengles\bin\game.ilk
e:\opengles\bin\game.exe
e:\opengles\bin\game.pdb
e:\opengles\project\debug\game.res
e:\opengles\project\..\bin\game.pdb
e:\opengles\project\..\bin\game.exe
e:\opengles\project\..\bin\game.ilk
e:\opengles\project\debug\game.tlog\cl.command.1.tlog
e:\opengles\project\debug\game.tlog\cl.read.1.tlog
e:\opengles\project\debug\game.tlog\cl.write.1.tlog
e:\opengles\project\debug\game.tlog\link.command.1.tlog
e:\opengles\project\debug\game.tlog\link.read.1.tlog
e:\opengles\project\debug\game.tlog\link.write.1.tlog
e:\opengles\project\debug\game.tlog\rc.command.1.tlog
e:\opengles\project\debug\game.tlog\rc.read.1.tlog
e:\opengles\project\debug\game.tlog\rc.write.1.tlog
