Build started 12/28/2014 3:02:25 PM.
     1>Project "E:\OPENGLES\project\Game.vcxproj" on node 2 (Build target(s)).
     1>Link:
         C:\Program Files (x86)\Microsoft Visual Studio 12.0\VC\bin\link.exe /ERRORREPORT:PROMPT /OUT:"E:\OPENGLES\project\..\bin\Game.exe" /INCREMENTAL /NOLOGO /LIBPATH:E:\OPENGLES\project\..\lib\glfw3 /LIBPATH:E:\OPENGLES\project\..\lib\glew /LIBPATH:E:\OPENGLES\project\..\lib\stdio_fw /LIBPATH:E:\OPENGLES\project\..\lib\vld /LIBPATH:E:\OPENGLES\project\..\lib\FreeImage /LIBPATH:E:\OPENGLES\project\..\lib\FreeType stdio_fw.lib kernel32.lib user32.lib gdi32.lib winspool.lib comdlg32.lib advapi32.lib shell32.lib ole32.lib oleaut32.lib uuid.lib odbc32.lib odbccp32.lib /MANIFEST /MANIFESTUAC:"level='asInvoker' uiAccess='false'" /manifest:embed /DEBUG /PDB:"E:\OPENGLES\project\..\bin\Game.pdb" /SUBSYSTEM:CONSOLE /TLBID:1 /DYNAMICBASE /NXCOMPAT /IMPLIB:"E:\OPENGLES\project\..\bin\Game.lib" /MACHINE:X86 Debug\Game.res
         Debug\AbstractItemObject.obj
         Debug\AbstractObject.obj
         Debug\Action.obj
         Debug\Algebra.obj
         Debug\AtomBoomItem.obj
         Debug\Backgrounds.obj
         Debug\Ball.obj
         Debug\Bar.obj
         Debug\BonusSpeedBallItem.obj
         Debug\Brick.obj
         Debug\CloneBallItem.obj
         Debug\EventButton.obj
         Debug\EventButtonA.obj
         Debug\EventButtonD.obj
         Debug\EventButtonDown.obj
         Debug\EventButtonExit.obj
         Debug\EventButtonLeft.obj
         Debug\EventButtonRight.obj
         Debug\EventButtonS.obj
         Debug\EventButtonStart.obj
         Debug\EventButtonUp.obj
         Debug\EventButtonW.obj
         Debug\Game.obj
         Debug\Geometry.obj
         Debug\GoLeft.obj
         Debug\GoRight.obj
         Debug\InputManager.obj
         Debug\main.obj
         Debug\Mapmanager.obj
         Debug\MoveableObject.obj
         Debug\OPGLAbstractDispatcher.obj
         Debug\OPGLGamePadDispatcher.obj
         Debug\StaticObject.obj
         Debug\stdafx.obj
         Debug\Stone.obj
         Debug\Wood.obj
         Game.vcxproj -> E:\OPENGLES\project\..\bin\Game.exe
     1>Done Building Project "E:\OPENGLES\project\Game.vcxproj" (Build target(s)).

Build succeeded.

Time Elapsed 00:00:00.75
